Compilación iniciada a las 17/02/2020 10:55:11.
     1>Proyecto "C:\Users\alex.aguilera.martinez\Desktop\VJ-FIB\OpenGL\06-text\06-text\06-text.vcxproj" en el nodo 2 (Build destinos).
     1>ClCompile:
         C:\Program Files (x86)\Microsoft Visual Studio 14.0\VC\bin\CL.exe /c /I"..\..\..\libs\freetype-2.3.5-1-bin\include\freetype2" /I"..\..\..\libs\freetype-2.3.5-1-bin\include" /I"..\..\..\libs\Simple OpenGL Image Library\src" /I..\..\..\libs\freeglut\include /I"..\..\..\libs\glew-1.13.0\include" /I..\..\..\libs\glm /Zi /nologo /W3 /WX- /O2 /Oi /Oy- /GL /D WIN32 /D NDEBUG /D _CONSOLE /D _LIB /D _UNICODE /D UNICODE /Gm- /EHsc /MD /GS /Gy /fp:precise /Zc:wchar_t /Zc:forScope /Zc:inline /Fo"Release\\" /Fd"Release\vc140.pdb" /Gd /TP /analyze- /errorReport:prompt Scene.cpp
         Scene.cpp
       Link:
         C:\Program Files (x86)\Microsoft Visual Studio 14.0\VC\bin\link.exe /ERRORREPORT:PROMPT /OUT:"C:\Users\alex.aguilera.martinez\Desktop\VJ-FIB\OpenGL\06-text\Release\06-text.exe" /INCREMENTAL:NO /NOLOGO /LIBPATH:"..\..\..\libs\freetype-2.3.5-1-bin\lib" /LIBPATH:"..\..\..\libs\Simple OpenGL Image Library\projects\VC9\Debug" /LIBPATH:..\..\..\libs\freeglut\lib /LIBPATH:"..\..\..\libs\glew-1.13.0\lib\Release\Win32" freetype.lib SOIL.lib glew32.lib kernel32.lib user32.lib gdi32.lib winspool.lib comdlg32.lib advapi32.lib shell32.lib ole32.lib oleaut32.lib uuid.lib odbc32.lib odbccp32.lib /MANIFEST /MANIFESTUAC:"level='asInvoker' uiAccess='false'" /manifest:embed /Debug /PDB:"C:\Users\alex.aguilera.martinez\Desktop\VJ-FIB\OpenGL\06-text\Release\06-text.pdb" /SUBSYSTEM:CONSOLE /OPT:REF /OPT:ICF /LTCG:incremental /TLBID:1 /DYNAMICBASE /NXCOMPAT /IMPLIB:"C:\Users\alex.aguilera.martinez\Desktop\VJ-FIB\OpenGL\06-text\Release\06-text.lib" /MACHINE:X86 /SAFESEH Release\Game.obj
         Release\main.obj
         Release\Quad.obj
         Release\Scene.obj
         Release\Shader.obj
         Release\ShaderProgram.obj
         Release\Text.obj
         Release\Texture.obj
         Release\TexturedQuad.obj
     1>SOIL.lib(SOIL.obj) : warning LNK4075: se omite '/EDITANDCONTINUE' debido a la especificación '/OPT:ICF'
     1>LINK : warning LNK4098: la biblioteca predeterminada'MSVCRTD' entra en conflicto con otras bibliotecas; use la biblioteca /NODEFAULTLIB:biblioteca
         Generando código
         1 of 284 functions ( 0.4%) were compiled, the rest were copied from previous compilation.
           0 functions were new in current compilation
           1 functions had inline decision re-evaluated but remain unchanged
         Generación de código finalizada
     1>SOIL.lib(image_DXT.obj) : warning LNK4099: no se encontró PDB 'vc100.pdb' con 'SOIL.lib(image_DXT.obj)' o en 'C:\Users\alex.aguilera.martinez\Desktop\VJ-FIB\OpenGL\06-text\Release\vc100.pdb'; se vinculará el objeto sin tener en cuenta información de depuración
     1>SOIL.lib(image_helper.obj) : warning LNK4099: no se encontró PDB 'vc100.pdb' con 'SOIL.lib(image_helper.obj)' o en 'C:\Users\alex.aguilera.martinez\Desktop\VJ-FIB\OpenGL\06-text\Release\vc100.pdb'; se vinculará el objeto sin tener en cuenta información de depuración
     1>SOIL.lib(SOIL.obj) : warning LNK4099: no se encontró PDB 'vc100.pdb' con 'SOIL.lib(SOIL.obj)' o en 'C:\Users\alex.aguilera.martinez\Desktop\VJ-FIB\OpenGL\06-text\Release\vc100.pdb'; se vinculará el objeto sin tener en cuenta información de depuración
     1>SOIL.lib(stb_image_aug.obj) : warning LNK4099: no se encontró PDB 'vc100.pdb' con 'SOIL.lib(stb_image_aug.obj)' o en 'C:\Users\alex.aguilera.martinez\Desktop\VJ-FIB\OpenGL\06-text\Release\vc100.pdb'; se vinculará el objeto sin tener en cuenta información de depuración
         06-text.vcxproj -> C:\Users\alex.aguilera.martinez\Desktop\VJ-FIB\OpenGL\06-text\Release\06-text.exe
     1>Compilación del proyecto terminada "C:\Users\alex.aguilera.martinez\Desktop\VJ-FIB\OpenGL\06-text\06-text\06-text.vcxproj" (Build destinos).

Compilación correcta.

Tiempo transcurrido 00:00:01.01
