Compilación iniciada a las 17/02/2020 10:40:19.
     1>Proyecto "C:\Users\alex.aguilera.martinez\Desktop\VJ-FIB\OpenGL\05-textures\05-textures\05-textures.vcxproj" en el nodo 2 (Build destinos).
     1>ClCompile:
         C:\Program Files (x86)\Microsoft Visual Studio 14.0\VC\bin\CL.exe /c /I"..\..\..\libs\Simple OpenGL Image Library\src" /I..\..\..\libs\freeglut\include /I"..\..\..\libs\glew-1.13.0\include" /I..\..\..\libs\glm /Zi /nologo /W3 /WX- /O2 /Oi /Oy- /GL /D WIN32 /D NDEBUG /D _CONSOLE /D _LIB /D _UNICODE /D UNICODE /Gm- /EHsc /MD /GS /Gy /fp:precise /Zc:wchar_t /Zc:forScope /Zc:inline /Fo"Release\\" /Fd"Release\vc140.pdb" /Gd /TP /analyze- /errorReport:prompt Game.cpp main.cpp Quad.cpp Scene.cpp Shader.cpp ShaderProgram.cpp Texture.cpp TexturedQuad.cpp
         Game.cpp
         main.cpp
         Quad.cpp
         Scene.cpp
         Shader.cpp
         ShaderProgram.cpp
         Texture.cpp
         TexturedQuad.cpp
       Link:
         C:\Program Files (x86)\Microsoft Visual Studio 14.0\VC\bin\link.exe /ERRORREPORT:PROMPT /OUT:"C:\Users\alex.aguilera.martinez\Desktop\VJ-FIB\OpenGL\05-textures\Release\05-textures.exe" /INCREMENTAL:NO /NOLOGO /LIBPATH:"..\..\..\libs\Simple OpenGL Image Library\projects\VC9\Debug" /LIBPATH:..\..\..\libs\freeglut\lib /LIBPATH:"..\..\..\libs\glew-1.13.0\lib\Release\Win32" SOIL.lib glew32.lib kernel32.lib user32.lib gdi32.lib winspool.lib comdlg32.lib advapi32.lib shell32.lib ole32.lib oleaut32.lib uuid.lib odbc32.lib odbccp32.lib /MANIFEST /MANIFESTUAC:"level='asInvoker' uiAccess='false'" /manifest:embed /Debug /PDB:"C:\Users\alex.aguilera.martinez\Desktop\VJ-FIB\OpenGL\05-textures\Release\05-textures.pdb" /SUBSYSTEM:CONSOLE /OPT:REF /OPT:ICF /LTCG:incremental /TLBID:1 /DYNAMICBASE /NXCOMPAT /IMPLIB:"C:\Users\alex.aguilera.martinez\Desktop\VJ-FIB\OpenGL\05-textures\Release\05-textures.lib" /MACHINE:X86 /SAFESEH Release\Game.obj
         Release\main.obj
         Release\Quad.obj
         Release\Scene.obj
         Release\Shader.obj
         Release\ShaderProgram.obj
         Release\Texture.obj
         Release\TexturedQuad.obj
     1>SOIL.lib(SOIL.obj) : warning LNK4075: se omite '/EDITANDCONTINUE' debido a la especificación '/OPT:ICF'
     1>LINK : warning LNK4098: la biblioteca predeterminada'MSVCRTD' entra en conflicto con otras bibliotecas; use la biblioteca /NODEFAULTLIB:biblioteca
         Generando código
         All 258 functions were compiled because no usable IPDB/IOBJ from previous compilation was found.
         Generación de código finalizada
     1>SOIL.lib(image_DXT.obj) : warning LNK4099: no se encontró PDB 'vc100.pdb' con 'SOIL.lib(image_DXT.obj)' o en 'C:\Users\alex.aguilera.martinez\Desktop\VJ-FIB\OpenGL\05-textures\Release\vc100.pdb'; se vinculará el objeto sin tener en cuenta información de depuración
     1>SOIL.lib(image_helper.obj) : warning LNK4099: no se encontró PDB 'vc100.pdb' con 'SOIL.lib(image_helper.obj)' o en 'C:\Users\alex.aguilera.martinez\Desktop\VJ-FIB\OpenGL\05-textures\Release\vc100.pdb'; se vinculará el objeto sin tener en cuenta información de depuración
     1>SOIL.lib(SOIL.obj) : warning LNK4099: no se encontró PDB 'vc100.pdb' con 'SOIL.lib(SOIL.obj)' o en 'C:\Users\alex.aguilera.martinez\Desktop\VJ-FIB\OpenGL\05-textures\Release\vc100.pdb'; se vinculará el objeto sin tener en cuenta información de depuración
     1>SOIL.lib(stb_image_aug.obj) : warning LNK4099: no se encontró PDB 'vc100.pdb' con 'SOIL.lib(stb_image_aug.obj)' o en 'C:\Users\alex.aguilera.martinez\Desktop\VJ-FIB\OpenGL\05-textures\Release\vc100.pdb'; se vinculará el objeto sin tener en cuenta información de depuración
         05-textures.vcxproj -> C:\Users\alex.aguilera.martinez\Desktop\VJ-FIB\OpenGL\05-textures\Release\05-textures.exe
     1>Compilación del proyecto terminada "C:\Users\alex.aguilera.martinez\Desktop\VJ-FIB\OpenGL\05-textures\05-textures\05-textures.vcxproj" (Build destinos).

Compilación correcta.

Tiempo transcurrido 00:00:03.93
